Content-Type: multipart/alternative;
 boundary="===============6690419423727676412=="
MIME-Version: 1.0
Subject: Profile activation
From: test@example.com
To: colthurling@gmail.com
Date: Wed, 16 Oct 2019 01:42:18 -0000
Message-ID: <157119013838.12108.16919511263864337681@DESKTOP-I11K12G>

--===============6690419423727676412==
Content-Type: text/plain; charset="utf-8"
MIME-Version: 1.0
Content-Transfer-Encoding: 7bit



To activate your profile, please follow this link:

http://127.0.0.1:8000/accounts/activate/CDpeyefcyBwxwopz9ogE/

--===============6690419423727676412==
Content-Type: text/html; charset="utf-8"
MIME-Version: 1.0
Content-Transfer-Encoding: 7bit



<!DOCTYPE html PUBLIC "-//W3C//DTD XHTML 1.0 Transitional//EN"
        "http://www.w3.org/TR/xhtml1/DTD/xhtml1-transitional.dtd">
<html xmlns="http://www.w3.org/1999/xhtml">
<head>
    <meta http-equiv="Content-Type" content="text/html; charset=UTF-8"/>
    <title>Profile activation</title>
    <meta name="viewport" content="width=device-width, initial-scale=1.0"/>
</head>

<body>

<p>
    To activate your profile, please follow this link:
</p>

<p>
    <a href="http://127.0.0.1:8000/accounts/activate/CDpeyefcyBwxwopz9ogE/">http://127.0.0.1:8000/accounts/activate/CDpeyefcyBwxwopz9ogE/</a>
</p>

</body>

</html>

--===============6690419423727676412==--

-------------------------------------------------------------------------------
