Content-Type: multipart/alternative;
 boundary="===============1916966011924455716=="
MIME-Version: 1.0
Subject: Profile activation
From: test@example.com
To: doc1@gmail.com
Date: Wed, 03 Jul 2019 06:57:12 -0000
Message-ID: <156213703247.7112.1221076900519083865@DESKTOP-I11K12G>

--===============1916966011924455716==
Content-Type: text/plain; charset="utf-8"
MIME-Version: 1.0
Content-Transfer-Encoding: 7bit



To activate your profile, please follow this link:

http://127.0.0.1:8000/accounts/activate/vAYWgxSIrfmiOpXMXiP1/

--===============1916966011924455716==
Content-Type: text/html; charset="utf-8"
MIME-Version: 1.0
Content-Transfer-Encoding: 7bit



<!DOCTYPE html PUBLIC "-//W3C//DTD XHTML 1.0 Transitional//EN"
        "http://www.w3.org/TR/xhtml1/DTD/xhtml1-transitional.dtd">
<html xmlns="http://www.w3.org/1999/xhtml">
<head>
    <meta http-equiv="Content-Type" content="text/html; charset=UTF-8"/>
    <title>Profile activation</title>
    <meta name="viewport" content="width=device-width, initial-scale=1.0"/>
</head>

<body>

<p>
    To activate your profile, please follow this link:
</p>

<p>
    <a href="http://127.0.0.1:8000/accounts/activate/vAYWgxSIrfmiOpXMXiP1/">http://127.0.0.1:8000/accounts/activate/vAYWgxSIrfmiOpXMXiP1/</a>
</p>

</body>

</html>

--===============1916966011924455716==--

-------------------------------------------------------------------------------
