Content-Type: multipart/alternative;
 boundary="===============3253592662538876986=="
MIME-Version: 1.0
Subject: Profile activation
From: test@example.com
To: colthurling@gmail.com
Date: Wed, 03 Jul 2019 06:53:14 -0000
Message-ID: <156213679479.21948.13835514937564010241@DESKTOP-I11K12G>

--===============3253592662538876986==
Content-Type: text/plain; charset="utf-8"
MIME-Version: 1.0
Content-Transfer-Encoding: 7bit



To activate your profile, please follow this link:

http://127.0.0.1:8000/accounts/activate/lo7SnCO5OljD3rrEps11/

--===============3253592662538876986==
Content-Type: text/html; charset="utf-8"
MIME-Version: 1.0
Content-Transfer-Encoding: 7bit



<!DOCTYPE html PUBLIC "-//W3C//DTD XHTML 1.0 Transitional//EN"
        "http://www.w3.org/TR/xhtml1/DTD/xhtml1-transitional.dtd">
<html xmlns="http://www.w3.org/1999/xhtml">
<head>
    <meta http-equiv="Content-Type" content="text/html; charset=UTF-8"/>
    <title>Profile activation</title>
    <meta name="viewport" content="width=device-width, initial-scale=1.0"/>
</head>

<body>

<p>
    To activate your profile, please follow this link:
</p>

<p>
    <a href="http://127.0.0.1:8000/accounts/activate/lo7SnCO5OljD3rrEps11/">http://127.0.0.1:8000/accounts/activate/lo7SnCO5OljD3rrEps11/</a>
</p>

</body>

</html>

--===============3253592662538876986==--

-------------------------------------------------------------------------------
