Content-Type: multipart/alternative;
 boundary="===============1678455552318503423=="
MIME-Version: 1.0
Subject: Profile activation
From: test@example.com
To: colthurling@gmail.com
Date: Mon, 04 Nov 2019 05:01:58 -0000
Message-ID: <157284371839.25036.5113311969634088616@DESKTOP-I11K12G>

--===============1678455552318503423==
Content-Type: text/plain; charset="utf-8"
MIME-Version: 1.0
Content-Transfer-Encoding: 7bit



To activate your profile, please follow this link:

http://127.0.0.1:8000/accounts/activate/W6E7QoMneUxLZelhMr5S/

--===============1678455552318503423==
Content-Type: text/html; charset="utf-8"
MIME-Version: 1.0
Content-Transfer-Encoding: 7bit



<!DOCTYPE html PUBLIC "-//W3C//DTD XHTML 1.0 Transitional//EN"
        "http://www.w3.org/TR/xhtml1/DTD/xhtml1-transitional.dtd">
<html xmlns="http://www.w3.org/1999/xhtml">
<head>
    <meta http-equiv="Content-Type" content="text/html; charset=UTF-8"/>
    <title>Profile activation</title>
    <meta name="viewport" content="width=device-width, initial-scale=1.0"/>
</head>

<body>

<p>
    To activate your profile, please follow this link:
</p>

<p>
    <a href="http://127.0.0.1:8000/accounts/activate/W6E7QoMneUxLZelhMr5S/">http://127.0.0.1:8000/accounts/activate/W6E7QoMneUxLZelhMr5S/</a>
</p>

</body>

</html>

--===============1678455552318503423==--

-------------------------------------------------------------------------------
