Content-Type: multipart/alternative;
 boundary="===============6453446776264870668=="
MIME-Version: 1.0
Subject: Profile activation
From: test@example.com
To: mayankg21397@gmail.com
Date: Sat, 18 Apr 2020 12:54:56 -0000
Message-ID: 
 <158721449679.2103.2092430651930929246@1.0.0.0.0.0.0.0.0.0.0.0.0.0.0.0.0.0.0.0.0.0.0.0.0.0.0.0.0.0.0.0.ip6.arpa>

--===============6453446776264870668==
Content-Type: text/plain; charset="utf-8"
MIME-Version: 1.0
Content-Transfer-Encoding: 7bit



To activate your profile, please follow this link:

http://127.0.0.1:8000/accounts/activate/bixR3HHRZk5c8N4C3Wwj/

--===============6453446776264870668==
Content-Type: text/html; charset="utf-8"
MIME-Version: 1.0
Content-Transfer-Encoding: 7bit



<!DOCTYPE html PUBLIC "-//W3C//DTD XHTML 1.0 Transitional//EN"
        "http://www.w3.org/TR/xhtml1/DTD/xhtml1-transitional.dtd">
<html xmlns="http://www.w3.org/1999/xhtml">
<head>
    <meta http-equiv="Content-Type" content="text/html; charset=UTF-8"/>
    <title>Profile activation</title>
    <meta name="viewport" content="width=device-width, initial-scale=1.0"/>
</head>

<body>

<p>
    To activate your profile, please follow this link:
</p>

<p>
    <a href="http://127.0.0.1:8000/accounts/activate/bixR3HHRZk5c8N4C3Wwj/">http://127.0.0.1:8000/accounts/activate/bixR3HHRZk5c8N4C3Wwj/</a>
</p>

</body>

</html>

--===============6453446776264870668==--

-------------------------------------------------------------------------------
